actionid: tox
msg: packaging
cmdargs: ['/usr/bin/python', local('/Users/tjdai/Project/IoTProjects/retail_access_man/setup.py'), 'sdist', '--formats=zip', '--dist-dir', local('/Users/tjdai/Project/IoTProjects/retail_access_man/.tox/dist')]
env: None

running sdist
running egg_info
creating retail_access_man.egg-info
writing requirements to retail_access_man.egg-info/requires.txt
writing retail_access_man.egg-info/PKG-INFO
writing top-level names to retail_access_man.egg-info/top_level.txt
writing dependency_links to retail_access_man.egg-info/dependency_links.txt
writing manifest file 'retail_access_man.egg-info/SOURCES.txt'
reading manifest file 'retail_access_man.egg-info/SOURCES.txt'
writing manifest file 'retail_access_man.egg-info/SOURCES.txt'
warning: sdist: standard file not found: should have one of README, README.rst, README.txt

running check
creating retail_access_man-0.0.1
creating retail_access_man-0.0.1/access_man
creating retail_access_man-0.0.1/retail_access_man.egg-info
creating retail_access_man-0.0.1/test
making hard links in retail_access_man-0.0.1...
hard linking setup.py -> retail_access_man-0.0.1
hard linking access_man/__init__.py -> retail_access_man-0.0.1/access_man
hard linking access_man/http_server.py -> retail_access_man-0.0.1/access_man
hard linking access_man/settings.py -> retail_access_man-0.0.1/access_man
hard linking access_man/token.py -> retail_access_man-0.0.1/access_man
hard linking access_man/utils.py -> retail_access_man-0.0.1/access_man
hard linking retail_access_man.egg-info/PKG-INFO -> retail_access_man-0.0.1/retail_access_man.egg-info
hard linking retail_access_man.egg-info/SOURCES.txt -> retail_access_man-0.0.1/retail_access_man.egg-info
hard linking retail_access_man.egg-info/dependency_links.txt -> retail_access_man-0.0.1/retail_access_man.egg-info
hard linking retail_access_man.egg-info/requires.txt -> retail_access_man-0.0.1/retail_access_man.egg-info
hard linking retail_access_man.egg-info/top_level.txt -> retail_access_man-0.0.1/retail_access_man.egg-info
hard linking test/__init__.py -> retail_access_man-0.0.1/test
Writing retail_access_man-0.0.1/setup.cfg
creating '.tox/dist/retail_access_man-0.0.1.zip' and adding 'retail_access_man-0.0.1' to it
adding 'retail_access_man-0.0.1/PKG-INFO'
adding 'retail_access_man-0.0.1/setup.cfg'
adding 'retail_access_man-0.0.1/setup.py'
adding 'retail_access_man-0.0.1/access_man/__init__.py'
adding 'retail_access_man-0.0.1/access_man/http_server.py'
adding 'retail_access_man-0.0.1/access_man/settings.py'
adding 'retail_access_man-0.0.1/access_man/token.py'
adding 'retail_access_man-0.0.1/access_man/utils.py'
adding 'retail_access_man-0.0.1/retail_access_man.egg-info/dependency_links.txt'
adding 'retail_access_man-0.0.1/retail_access_man.egg-info/PKG-INFO'
adding 'retail_access_man-0.0.1/retail_access_man.egg-info/requires.txt'
adding 'retail_access_man-0.0.1/retail_access_man.egg-info/SOURCES.txt'
adding 'retail_access_man-0.0.1/retail_access_man.egg-info/top_level.txt'
adding 'retail_access_man-0.0.1/test/__init__.py'
removing 'retail_access_man-0.0.1' (and everything under it)
